Arguments: 
  C:\Program Files\nodejs\node.exe C:\Users\speedly\AppData\Roaming\npm\node_modules\yarn\bin\yarn.js add webpack webpack-cli htm-webpack-plugin webpack-dev-server -D

PATH: 
  C:\ProgramData\Oracle\Java\javapath;C:\Windows\system32;C:\Windows;C:\Windows\System32\Wbem;C:\Windows\System32\WindowsPowerShell\v1.0\;C:\Program Files (x86)\NVIDIA Corporation\PhysX\Common;C:\WINDOWS\system32;C:\WINDOWS;C:\WINDOWS\System32\Wbem;C:\WINDOWS\System32\WindowsPowerShell\v1.0\;C:\Program Files (x86)\Tencent\QQ\Bin;C:\Program Files\MySQL\MySQL Server 5.7\bin;C:\Program Files\Java\jdk1.8.0_151\bin;C:\Program Files (x86)\Git\cmd;C:\Program Files (x86)\Git\mingw32\bin;C:\Program Files (x86)\Git\usr\bin;C:\Program Files\JetBrains\WebStorm 2017.1.4\bin;C:\Program Files\PuTTY\;C:\Users\speedly\AppData\Roaming\npm\node_modules;C:\WINDOWS\System32\OpenSSH\;F:\mongodb\bin;C:\Program Files\MySQL\MySQL Server 5.5\bin;E:\apache-maven-3.2.5\bin;C:\Program Files\TortoiseSVN\bin;C:\Program Files\Microsoft VS Code\bin;C:\Program Files\nodejs\;D:\Scripts\;D:\;C:\Users\speedly\AppData\Local\Microsoft\WindowsApps;C:\Program Files\Microsoft VS Code\bin;C:\Users\speedly\AppData\Roaming\npm

Yarn version: 
  1.12.3

Node version: 
  10.12.0

Platform: 
  win32 x64

Trace: 
  Error: https://registry.npm.taobao.org/htm-webpack-plugin: Not found
      at Request.params.callback [as _callback] (C:\Users\speedly\AppData\Roaming\npm\node_modules\yarn\lib\cli.js:65894:18)
      at Request.self.callback (C:\Users\speedly\AppData\Roaming\npm\node_modules\yarn\lib\cli.js:129018:22)
      at Request.emit (events.js:182:13)
      at Request.<anonymous> (C:\Users\speedly\AppData\Roaming\npm\node_modules\yarn\lib\cli.js:129990:10)
      at Request.emit (events.js:182:13)
      at IncomingMessage.<anonymous> (C:\Users\speedly\AppData\Roaming\npm\node_modules\yarn\lib\cli.js:129912:12)
      at Object.onceWrapper (events.js:273:13)
      at IncomingMessage.emit (events.js:187:15)
      at endReadableNT (_stream_readable.js:1094:12)
      at process._tickCallback (internal/process/next_tick.js:63:19)

npm manifest: 
  {
    "name": "webpack-loader",
    "version": "1.0.0",
    "main": "index.js",
    "license": "MIT"
  }

yarn manifest: 
  No manifest

Lockfile: 
  No lockfile
